This is TeX, Version 3.14159 (Web2C 7.4.5) (format=latex 2003.9.11)  28 JAN 2006 22:22
**bouquin.tex
(./bouquin.tex
LaTeX2e <2001/06/01>
Babel <v3.7h> and hyphenation patterns for american, french, german, ngerman, b
asque, italian, portuges, russian, spanish, nohyphenation, loaded.
(/usr/share/texmf/tex/latex/base/book.cls
Document Class: book 2001/04/21 v1.4e Standard LaTeX document class
(/usr/share/texmf/tex/latex/base/bk10.clo
File: bk10.clo 2001/04/21 v1.4e Standard LaTeX file (size option)
)
\c@part=\count79
\c@chapter=\count80
\c@section=\count81
\c@subsection=\count82
\c@subsubsection=\count83
\c@paragraph=\count84
\c@subparagraph=\count85
\c@figure=\count86
\c@table=\count87
\abovecaptionskip=\skip41
\belowcaptionskip=\skip42
\bibindent=\dimen102
)
(/usr/share/texmf/tex/latex/base/inputenc.sty
Package: inputenc 2001/07/10 v0.99a Input encoding file 

(/usr/share/texmf/tex/latex/base/latin1.def
File: latin1.def 2001/07/10 v0.99a Input encoding file 
))
(/usr/share/texmf/tex/generic/babel/babel.sty
Package: babel 2001/03/01 v3.7h The Babel package

(/usr/share/texmf/tex/generic/babel/frenchb.ldf
Language: french 2001/09/09 v1.5g French support from the babel system

(/usr/share/texmf/tex/generic/babel/babel.def
File: babel.def 2001/03/01 v3.7h Babel common definitions
\babel@savecnt=\count88
\U@D=\dimen103
)
Package babel Info: Making : an active character on input line 199.
Package babel Info: Making ; an active character on input line 200.
Package babel Info: Making ! an active character on input line 201.
Package babel Info: Making ? an active character on input line 202.

*************************************
* Local config file frenchb.cfg used
*
(/usr/share/texmf/tex/generic/babel/frenchb.cfg)))
(/usr/share/texmf/tex/latex/base/fontenc.sty
Package: fontenc 2001/06/05 v1.94 Standard LaTeX package

(/usr/share/texmf/tex/latex/base/t1enc.def
File: t1enc.def 2001/06/05 v1.94 Standard LaTeX file
LaTeX Font Info:    Redeclaring font encoding T1 on input line 38.
))
(/usr/share/texmf/tex/latex/graphics/color.sty
Package: color 1999/02/16 v1.0i Standard LaTeX Color (DPC)

(/usr/share/texmf/tex/latex/config/color.cfg
File: color.cfg 2001/08/31 v1.1 color configuration of teTeX/TeXLive
)
Package color Info: Driver file: dvips.def on input line 125.

(/usr/share/texmf/tex/latex/graphics/dvips.def
File: dvips.def 1999/02/16 v3.0i Driver-dependant file (DPC,SPQR)
)
(/usr/share/texmf/tex/latex/graphics/dvipsnam.def
File: dvipsnam.def 1999/02/16 v3.0i Driver-dependant file (DPC,SPQR)
))
(/usr/share/texmf/tex/latex/amsmath/amsmath.sty
Package: amsmath 2000/07/18 v2.13 AMS math features
\@mathmargin=\skip43

For additional information on amsmath, use the `?' option.
(/usr/share/texmf/tex/latex/amsmath/amstext.sty
Package: amstext 2000/06/29 v2.01

(/usr/share/texmf/tex/latex/amsmath/amsgen.sty
File: amsgen.sty 1999/11/30 v2.0
\@emptytoks=\toks14
\ex@=\dimen104
))
(/usr/share/texmf/tex/latex/amsmath/amsbsy.sty
Package: amsbsy 1999/11/29 v1.2d
\pmbraise@=\dimen105
)
(/usr/share/texmf/tex/latex/amsmath/amsopn.sty
Package: amsopn 1999/12/14 v2.01 operator names
)
\inf@bad=\count89
LaTeX Info: Redefining \frac on input line 211.
\uproot@=\count90
\leftroot@=\count91
LaTeX Info: Redefining \overline on input line 307.
\classnum@=\count92
\DOTSCASE@=\count93
LaTeX Info: Redefining \ldots on input line 379.
LaTeX Info: Redefining \dots on input line 382.
LaTeX Info: Redefining \cdots on input line 467.
\Mathstrutbox@=\box26
\strutbox@=\box27
\big@size=\dimen106
LaTeX Font Info:    Redeclaring font encoding OML on input line 567.
LaTeX Font Info:    Redeclaring font encoding OMS on input line 568.
\macc@depth=\count94
\c@MaxMatrixCols=\count95
\dotsspace@=\muskip10
\c@parentequation=\count96
\dspbrk@lvl=\count97
\tag@help=\toks15
\row@=\count98
\column@=\count99
\maxfields@=\count100
\andhelp@=\toks16
\eqnshift@=\dimen107
\alignsep@=\dimen108
\tagshift@=\dimen109
\tagwidth@=\dimen110
\totwidth@=\dimen111
\lineht@=\dimen112
\@envbody=\toks17
\multlinegap=\skip44
\multlinetaggap=\skip45
\mathdisplay@stack=\toks18
LaTeX Info: Redefining \[ on input line 2666.
LaTeX Info: Redefining \] on input line 2667.
)
(/usr/share/texmf/tex/latex/amsfonts/amssymb.sty
Package: amssymb 2002/01/22 v2.2d

(/usr/share/texmf/tex/latex/amsfonts/amsfonts.sty
Package: amsfonts 2001/10/25 v2.2f
\symAMSa=\mathgroup4
\symAMSb=\mathgroup5
LaTeX Font Info:    Overwriting math alphabet `\mathfrak' in version `bold'
(Font)                  U/euf/m/n --> U/euf/b/n on input line 132.
))
(/usr/share/texmf/tex/latex/pstricks/pst-all.sty
Package: pst-all 1997/03/25 all pstricks tools

(/usr/share/texmf/tex/latex/graphics/pstcol.sty
Package: pstcol 2001/06/20 v1.1 PSTricks color colompatibility (DPC)

(/usr/share/texmf/tex/latex/pstricks/pstricks.sty
Package: pstricks 1997/03/25 package wrapper for PSTricks pstricks.tex

(/usr/share/texmf/tex/generic/pstricks/pstricks.tex
`PSTricks' v97 patch 14  <1999/12/23> (tvz)
\pst@dima=\dimen113
\pst@dimb=\dimen114
\pst@dimc=\dimen115
\pst@dimd=\dimen116
\pst@dimg=\dimen117
\pst@dimh=\dimen118
\pst@hbox=\box28
\pst@boxg=\box29
\pst@cnta=\count101
\pst@cntb=\count102
\pst@cntc=\count103
\pst@cntd=\count104
\pst@cntg=\count105
\pst@cnth=\count106
\pst@toks=\toks19
(/usr/share/texmf/tex/generic/pstricks/pstricks.con)
\psunit=\dimen119
\psxunit=\dimen120
\psyunit=\dimen121
\pslinewidth=\dimen122
\pst@customdefs=\toks20
\pslinearc=\dimen123
\everypsbox=\toks21
\psframesep=\dimen124
\pslabelsep=\dimen125
\theoverlaybox=\box30
)))
(/usr/share/texmf/tex/latex/pstricks/pst-grad.sty
Package: pst-grad 1997/03/25 package wrapper for PSTricks pst-grad.tex

(/usr/share/texmf/tex/generic/pstricks/pst-grad.tex  v97 patch 1, 1997/04/28
Package color Info: Redefining color gradbegin on input line 45.
Package color Info: Redefining color gradend on input line 49.
))
(/usr/share/texmf/tex/latex/pstricks/pst-plot.sty
Package: pst-plot 1997/03/25 package wrapper for PSTricks pst-plot.tex

(/usr/share/texmf/tex/generic/pstricks/pst-plot.tex  v97 patch 2, 1999/12/12
(/usr/share/texmf/tex/generic/multido/multido.tex  v1.4, 93/01/14 <tvz>
\multido@count=\count107
\multidocount=\count108
\multido@stuff=\toks22
)))
(/usr/share/texmf/tex/latex/pstricks/pst-coil.sty
Package: pst-coil 1997/03/25 package wrapper for PSTricks pst-coil.tex

(/usr/share/texmf/tex/generic/pstricks/pst-coil.tex  v97 patch 2, 1998/03/19))
(/usr/share/texmf/tex/latex/pstricks/pst-text.sty
Package: pst-text 1997/03/25 package wrapper for PSTricks pst-text.tex

(/usr/share/texmf/tex/generic/pstricks/pst-text.tex  v97, 1997/03/25))
(/usr/share/texmf/tex/latex/pstricks/pst-char.sty
Package: pst-char 1997/03/25 package wrapper for PSTricks pst-char.tex

(/usr/share/texmf/tex/generic/pstricks/pst-char.tex  v97 patch 3, 1999/03/11))
(/usr/share/texmf/tex/latex/pstricks/pst-node.sty
Package: pst-node 1997/03/25 package wrapper for PSTricks pst-node.tex

(/usr/share/texmf/tex/generic/pstricks/pst-node.tex  v97 patch 11, 2000/11/09
\psrow=\count109
\pscol=\count110
\psmatrixcnt=\count111
\psrowsep=\skip46
\pscolsep=\skip47
)) (/usr/share/texmf/tex/latex/pstricks/pst-3d.sty
Package: pst-3d 1997/03/25 package wrapper for PSTricks pst-3d.tex

(/usr/share/texmf/tex/generic/pstricks/pst-3d.tex  v97, 1997/03/25))
(/usr/share/texmf/tex/latex/pstricks/pst-eps.sty
Package: pst-eps 1997/03/25 package wrapper for PSTricks pst-eps.tex

(/usr/share/texmf/tex/generic/pstricks/pst-eps.tex  v97 patch 1, 1997/05/05
\pst@epsout=\write3
\pst@tempout=\write4
))
(/usr/share/texmf/tex/latex/pstricks/pst-fill.sty
Package: pst-fill 1997/04/08 package wrapper for PSTricks pst-fill package

(/usr/share/texmf/tex/generic/pstricks/pst-fill.tex  v97 patch 2, 1997/12/12
\pst@fillbox=\box31
))
(/usr/share/texmf/tex/latex/pstricks/pst-tree.sty
Package: pst-tree 1997/03/25 package wrapper for PSTricks pst-tree.tex

(/usr/share/texmf/tex/generic/pstricks/pst-tree.tex  v97 patch 5, 1999/10/28
\pstree@rootbox=\box32
\pstree@box=\box33
\psnodecnt=\count112
\pstreelevel=\count113
\pstreecnt=\count114
\pstree@cnt=\count115
\pstree@stop=\count116
))
(/usr/share/texmf/tex/generic/multido/multido.sty
Package: multido 1997/03/25 package wrapper for multido.tex

(/usr/share/texmf/tex/generic/multido/multido.tex  v1.4, 93/01/14 <tvz>)))
(/usr/share/texmf/tex/latex/graphics/graphicx.sty
Package: graphicx 1999/02/16 v1.0f Enhanced LaTeX Graphics (DPC,SPQR)

(/usr/share/texmf/tex/latex/graphics/keyval.sty
Package: keyval 1999/03/16 v1.13 key=value parser (DPC)
\KV@toks@=\toks23
)
(/usr/share/texmf/tex/latex/graphics/graphics.sty
Package: graphics 2001/07/07 v1.0n Standard LaTeX Graphics (DPC,SPQR)

(/usr/share/texmf/tex/latex/graphics/trig.sty
Package: trig 1999/03/16 v1.09 sin cos tan (DPC)
)
(/usr/share/texmf/tex/latex/config/graphics.cfg
File: graphics.cfg 2001/08/31 v1.1 graphics configuration of teTeX/TeXLive
)
Package graphics Info: Driver file: dvips.def on input line 80.
)
\Gin@req@height=\dimen126
\Gin@req@width=\dimen127
)
(/usr/share/texmf/tex/latex/misc/ulem.sty
\UL@box=\box34
\UL@hyphenbox=\box35
\UL@skip=\skip48
\UL@hook=\toks24
\UL@pe=\count117
\UL@pixel=\dimen128
\ULC@box=\box36
Package: ulem 2000/05/26
\ULdepth=\dimen129
)
(/usr/share/texmf/tex/generic/perso/maths.sty

LaTeX Warning: You have requested package `/usr/share/texmf/tex/generic/perso/m
aths',
               but the package provides `maths'.

Package: maths 2004/08/14 v1.0a maths package
) (/usr/share/texmf/tex/latex/base/makeidx.sty
Package: makeidx 2000/03/29 v1.0m Standard LaTeX package
)
\@indexfile=\write5
\openout5 = `bouquin.idx'.


Writing index file bouquin.idx
\c@exer=\count118
(./bouquin.aux (./preliminaires/preliminaires.aux)
(./electromagnetisme/electrostat.aux) (./thermodynamique/thermodynamique.aux)
(./thermochimie/thermochimie.aux) (./mecanique/mecanique.aux)
(./ondes/ondes.aux) (./optique/optique.aux) (./mecaquantique/hydrogene.aux))
\openout1 = `bouquin.aux'.

LaTeX Font Info:    Checking defaults for OML/cmm/m/it on input line 23.
LaTeX Font Info:    ... okay on input line 23.
LaTeX Font Info:    Checking defaults for T1/cmr/m/n on input line 23.
LaTeX Font Info:    ... okay on input line 23.
LaTeX Font Info:    Checking defaults for OT1/cmr/m/n on input line 23.
LaTeX Font Info:    ... okay on input line 23.
LaTeX Font Info:    Checking defaults for OMS/cmsy/m/n on input line 23.
LaTeX Font Info:    ... okay on input line 23.
LaTeX Font Info:    Checking defaults for OMX/cmex/m/n on input line 23.
LaTeX Font Info:    ... okay on input line 23.
LaTeX Font Info:    Checking defaults for U/cmr/m/n on input line 23.
LaTeX Font Info:    ... okay on input line 23.
LaTeX Font Info:    Checking defaults for OT2/wncyr/m/n on input line 23.
LaTeX Font Info:    Try loading font information for OT2+wncyr on input line 23
.

(/usr/share/texmf/tex/latex/cyrillic/ot2wncyr.fd
File: ot2wncyr.fd 1999/12/17 v3.2a Computer Modern Cyrillic font definitions
)
LaTeX Font Info:    ... okay on input line 23.
LaTeX Info: Redefining \dots on input line 23.
LaTeX Font Info:    Try loading font information for U+msa on input line 26.

(/usr/share/texmf/tex/latex/amsfonts/umsa.fd
File: umsa.fd 2002/01/19 v2.2g AMS font definitions
)
LaTeX Font Info:    Try loading font information for U+msb on input line 26.

(/usr/share/texmf/tex/latex/amsfonts/umsb.fd
File: umsb.fd 2002/01/19 v2.2g AMS font definitions
) [1


] [2

] (./bouquin.toc [3]
[4])
\tf@toc=\write6
\openout6 = `bouquin.toc'.

 [5]
\openout2 = `preliminaires/preliminaires.aux'.

 (./preliminaires/preliminaires.tex [6


]
Chapitre 1.
[7]
File: images/systeme.eps Graphic file (type eps)
 <images/systeme.eps>
File: images/cylindre.eps Graphic file (type eps)
 <images/cylindre.eps> [8] [9]
File: images/spheriques.eps Graphic file (type eps)
 <images/spheriques.eps>
Underfull \vbox (badness 2503) has occurred while \output is active []

 [10]
[11]
File: images/particules_incidentes.eps Graphic file (type eps)
 <images/particules_incidentes.eps> [12]) [13]
\openout2 = `electromagnetisme/electrostat.aux'.


(./electromagnetisme/electrostat.tex [14



]
Chapitre 2.
[15] [16] [17] [18] [19] [20] [21] [22] [23] [24] [25] [26] [27] [28] [29]
[30]
File: images/cond_limites.eps Graphic file (type eps)
 <images/cond_limites.eps> [31]
LaTeX Font Info:    Try loading font information for U+euf on input line 754.

(/usr/share/texmf/tex/latex/amsfonts/ueuf.fd
File: ueuf.fd 2002/01/19 v2.2g AMS font definitions
) [32] [33]
File: images/faraday.eps Graphic file (type eps)
 <images/faraday.eps>
[34]
File: images/transfo.eps Graphic file (type eps)
 <images/transfo.eps>
File: images/alternateur.eps Graphic file (type eps)
 <images/alternateur.eps> [35]
File: images/barlow.eps Graphic file (type eps)
 <images/barlow.eps>
[36] [37] [38] [39] [40] [41] [42] [43] [44]
File: images/dipole_osc.eps Graphic file (type eps)
 <images/dipole_osc.eps> [45]
[46]
File: images/ondes_em.eps Graphic file (type eps)
 <images/ondes_em.eps>) [47]
\openout2 = `thermodynamique/thermodynamique.aux'.

 (./thermodynamique/thermodynamique.tex
[48



]
Chapitre 3.
[49] [50] [51] [52] [53] [54] [55]
Underfull \vbox (badness 2318) has occurred while \output is active []

 [56]
[57] [58]
File: images/tige_dansun_bain.eps Graphic file (type eps)
 <images/tige_dansun_bain.eps>
File: images/ligne_transmission.eps Graphic file (type eps)
 <images/ligne_transmission.eps>
Underfull \vbox (badness 1281) has occurred while \output is active []

 [59]
[60] [61]
File: images/flux_emis.eps Graphic file (type eps)
 <images/flux_emis.eps> [62] [63] [64]) [65]
\openout2 = `thermochimie/thermochimie.aux'.


(./thermochimie/thermochimie.tex [66



]
Chapitre 4.
[67] [68] [69] [70] [71] [72]
File: images/diag_isoth_ideal.eps Graphic file (type eps)
 <images/diag_isoth_ideal.eps>
File: images/diag_isoth_reel.eps Graphic file (type eps)

<images/diag_isoth_reel.eps> [73]
File: images/diag_isoth_reel2.eps Graphic file (type eps)
 <images/diag_isoth_reel2.eps>
File: images/diag_isoth_reel3.eps Graphic file (type eps)

<images/diag_isoth_reel3.eps> [74]
File: images/miscibilite_part.eps Graphic file (type eps)
 <images/miscibilite_part.eps>
File: images/non_miscibilite.eps Graphic file (type eps)

<images/non_miscibilite.eps> [75] [76] [77] [78] [79] [80] [81] [82] [83]
File: images/diag_ellingham_zinc.eps Graphic file (type eps)

<images/diag_ellingham_zinc.eps>
File: images/diag_ellingham_zc.eps Graphic file (type eps)
 <images/diag_ellingham_zc.eps> [84] [85]
[86]
File: images/diag_eph_fer.eps Graphic file (type eps)
 <images/diag_eph_fer.eps>
File: images/diag_eph_fecl.eps Graphic file (type eps)
 <images/diag_eph_fecl.eps>
Underfull \vbox (badness 10000) has occurred while \output is active []

 [87]
File: images/electrolyseur.eps Graphic file (type eps)

<images/electrolyseur.eps> [88]
File: images/pile.eps Graphic file (type eps)
 <images/pile.eps> [89]
File: images/i_v_anode.eps Graphic file (type eps)
 <images/i_v_anode.eps>
File: images/i_v_cathode.eps Graphic file (type eps)

<images/i_v_cathode.eps>
File: images/i_v_electrolyseur.eps Graphic file (type eps)
 <images/i_v_electrolyseur.eps> [90]) [91]
\openout2 = `mecanique/mecanique.aux'.


(./mecanique/mecanique.tex [92



]
Chapitre 5.
[93] [94] [95] [96] [97]
File: images/moment_axe.eps Graphic file (type eps)
 <images/moment_axe.eps> [98]
File: images/fusee.eps Graphic file (type eps)
 <images/fusee.eps>
[99] [100]
File: images/dameuse.eps Graphic file (type eps)
 <images/dameuse.eps> [101] [102] [103] [104] [105]
File: images/coulomb.eps Graphic file (type eps)

<images/coulomb.eps> [106]) [107]
\openout2 = `ondes/ondes.aux'.

 (./ondes/ondes.tex [108



]
Chapitre 6.
File: images/coaxial.eps Graphic file (type eps)
<images/coaxial.eps> [109]
File: images/ligne_transmission.eps Graphic file (type eps)
 <images/ligne_transmission.eps>
Underfull \vbox (badness 10000) has occurred while \output is active []

 [110]
Underfull \vbox (badness 10000) has occurred while \output is active []

 [111]
[112] [113]
File: images/melde.eps Graphic file (type eps)
 <images/melde.eps> [114] [115] [116]) [117]
\openout2 = `optique/optique.aux'.

 (./optique/optique.tex
[118



]
Chapitre 7.
[119] [120]
LaTeX Font Info:    Try loading font information for OMS+cmr on input line 212.

 (/usr/share/texmf/tex/latex/base/omscmr.fd
File: omscmr.fd 1999/05/25 v2.5h Standard LaTeX font definitions
)
LaTeX Font Info:    Font shape `OMS/cmr/m/n' in size <10> not available
(Font)              Font shape `OMS/cmsy/m/n' tried instead on input line 212.
 [121]
File: images/eclairement.eps Graphic file (type eps)

<images/eclairement.eps>
Underfull \vbox (badness 5622) has occurred while \output is active []

 [122]
File: images/apodisation.eps Graphic file (type eps)

<images/apodisation.eps> [123]
File: images/circulaire.eps Graphic file (type eps)
 <images/circulaire.eps> [124]
File: images/young.eps Graphic file (type eps)

<images/young.eps> [125] [126]
File: images/sodium.eps Graphic file (type eps)
 <images/sodium.eps> [127]
File: images/gaussienne.eps Graphic file (type eps)

<images/gaussienne.eps> [128] [129]) [130]
\openout2 = `mecaquantique/hydrogene.aux'.

 (./mecaquantique/hydrogene.tex
Chapitre 8.
[131



] [132] [133] [134] [135]
File: images/H00.eps Graphic file (type eps)
 <images/H00.eps>
File: images/H10.eps Graphic file (type eps)
 <images/H10.eps>) [136]
(./bouquin.ind [137


] [138] [139] [140

]) (./bouquin.aux
(./preliminaires/preliminaires.aux) (./electromagnetisme/electrostat.aux)
(./thermodynamique/thermodynamique.aux) (./thermochimie/thermochimie.aux)
(./mecanique/mecanique.aux) (./ondes/ondes.aux) (./optique/optique.aux)
(./mecaquantique/hydrogene.aux)) ) 
Here is how much of TeX's memory you used:
 4813 strings out of 95796
 56852 string characters out of 1191756
 144923 words of memory out of 1000001
 7497 multiletter control sequences out of 10000+50000
 29243 words of font info for 75 fonts, out of 500000 for 1000
 26 hyphenation exceptions out of 1000
 29i,28n,26p,285b,410s stack positions out of 3000i,1500n,5000p,200000b,15000s

Output written on bouquin.dvi (140 pages, 653764 bytes).
