This is TeX, Version 3.14159 (Web2C 7.4.5) (format=latex 2003.9.11)  3 NOV 2005 13:16
**hydrotseul.tex
(./hydrotseul.tex
LaTeX2e <2001/06/01>
Babel <v3.7h> and hyphenation patterns for american, french, german, ngerman, b
asque, italian, portuges, russian, spanish, nohyphenation, loaded.
(/usr/share/texmf/tex/latex/base/article.cls
Document Class: article 2001/04/21 v1.4e Standard LaTeX document class
(/usr/share/texmf/tex/latex/base/size10.clo
File: size10.clo 2001/04/21 v1.4e Standard LaTeX file (size option)
)
\c@part=\count79
\c@section=\count80
\c@subsection=\count81
\c@subsubsection=\count82
\c@paragraph=\count83
\c@subparagraph=\count84
\c@figure=\count85
\c@table=\count86
\abovecaptionskip=\skip41
\belowcaptionskip=\skip42
\bibindent=\dimen102
)
(/usr/share/texmf/tex/latex/base/inputenc.sty
Package: inputenc 2001/07/10 v0.99a Input encoding file 

(/usr/share/texmf/tex/latex/base/latin1.def
File: latin1.def 2001/07/10 v0.99a Input encoding file 
))
(/usr/share/texmf/tex/generic/babel/babel.sty
Package: babel 2001/03/01 v3.7h The Babel package

(/usr/share/texmf/tex/generic/babel/frenchb.ldf
Language: french 2001/09/09 v1.5g French support from the babel system

(/usr/share/texmf/tex/generic/babel/babel.def
File: babel.def 2001/03/01 v3.7h Babel common definitions
\babel@savecnt=\count87
\U@D=\dimen103
)
Package babel Info: Making : an active character on input line 199.
Package babel Info: Making ; an active character on input line 200.
Package babel Info: Making ! an active character on input line 201.
Package babel Info: Making ? an active character on input line 202.

*************************************
* Local config file frenchb.cfg used
*
(/usr/share/texmf/tex/generic/babel/frenchb.cfg)))
(/usr/share/texmf/tex/latex/base/fontenc.sty
Package: fontenc 2001/06/05 v1.94 Standard LaTeX package

(/usr/share/texmf/tex/latex/base/t1enc.def
File: t1enc.def 2001/06/05 v1.94 Standard LaTeX file
LaTeX Font Info:    Redeclaring font encoding T1 on input line 38.
))
(/usr/share/texmf/tex/latex/graphics/color.sty
Package: color 1999/02/16 v1.0i Standard LaTeX Color (DPC)

(/usr/share/texmf/tex/latex/config/color.cfg
File: color.cfg 2001/08/31 v1.1 color configuration of teTeX/TeXLive
)
Package color Info: Driver file: dvips.def on input line 125.

(/usr/share/texmf/tex/latex/graphics/dvips.def
File: dvips.def 1999/02/16 v3.0i Driver-dependant file (DPC,SPQR)
)
(/usr/share/texmf/tex/latex/graphics/dvipsnam.def
File: dvipsnam.def 1999/02/16 v3.0i Driver-dependant file (DPC,SPQR)
))
(/usr/share/texmf/tex/latex/amsmath/amsmath.sty
Package: amsmath 2000/07/18 v2.13 AMS math features
\@mathmargin=\skip43

For additional information on amsmath, use the `?' option.
(/usr/share/texmf/tex/latex/amsmath/amstext.sty
Package: amstext 2000/06/29 v2.01

(/usr/share/texmf/tex/latex/amsmath/amsgen.sty
File: amsgen.sty 1999/11/30 v2.0
\@emptytoks=\toks14
\ex@=\dimen104
))
(/usr/share/texmf/tex/latex/amsmath/amsbsy.sty
Package: amsbsy 1999/11/29 v1.2d
\pmbraise@=\dimen105
)
(/usr/share/texmf/tex/latex/amsmath/amsopn.sty
Package: amsopn 1999/12/14 v2.01 operator names
)
\inf@bad=\count88
LaTeX Info: Redefining \frac on input line 211.
\uproot@=\count89
\leftroot@=\count90
LaTeX Info: Redefining \overline on input line 307.
\classnum@=\count91
\DOTSCASE@=\count92
LaTeX Info: Redefining \ldots on input line 379.
LaTeX Info: Redefining \dots on input line 382.
LaTeX Info: Redefining \cdots on input line 467.
\Mathstrutbox@=\box26
\strutbox@=\box27
\big@size=\dimen106
LaTeX Font Info:    Redeclaring font encoding OML on input line 567.
LaTeX Font Info:    Redeclaring font encoding OMS on input line 568.
\macc@depth=\count93
\c@MaxMatrixCols=\count94
\dotsspace@=\muskip10
\c@parentequation=\count95
\dspbrk@lvl=\count96
\tag@help=\toks15
\row@=\count97
\column@=\count98
\maxfields@=\count99
\andhelp@=\toks16
\eqnshift@=\dimen107
\alignsep@=\dimen108
\tagshift@=\dimen109
\tagwidth@=\dimen110
\totwidth@=\dimen111
\lineht@=\dimen112
\@envbody=\toks17
\multlinegap=\skip44
\multlinetaggap=\skip45
\mathdisplay@stack=\toks18
LaTeX Info: Redefining \[ on input line 2666.
LaTeX Info: Redefining \] on input line 2667.
)
(/usr/share/texmf/tex/latex/amsfonts/amssymb.sty
Package: amssymb 2002/01/22 v2.2d

(/usr/share/texmf/tex/latex/amsfonts/amsfonts.sty
Package: amsfonts 2001/10/25 v2.2f
\symAMSa=\mathgroup4
\symAMSb=\mathgroup5
LaTeX Font Info:    Overwriting math alphabet `\mathfrak' in version `bold'
(Font)                  U/euf/m/n --> U/euf/b/n on input line 132.
))
(/usr/share/texmf/tex/latex/pstricks/pst-all.sty
Package: pst-all 1997/03/25 all pstricks tools

(/usr/share/texmf/tex/latex/graphics/pstcol.sty
Package: pstcol 2001/06/20 v1.1 PSTricks color colompatibility (DPC)

(/usr/share/texmf/tex/latex/pstricks/pstricks.sty
Package: pstricks 1997/03/25 package wrapper for PSTricks pstricks.tex

(/usr/share/texmf/tex/generic/pstricks/pstricks.tex
`PSTricks' v97 patch 14  <1999/12/23> (tvz)
\pst@dima=\dimen113
\pst@dimb=\dimen114
\pst@dimc=\dimen115
\pst@dimd=\dimen116
\pst@dimg=\dimen117
\pst@dimh=\dimen118
\pst@hbox=\box28
\pst@boxg=\box29
\pst@cnta=\count100
\pst@cntb=\count101
\pst@cntc=\count102
\pst@cntd=\count103
\pst@cntg=\count104
\pst@cnth=\count105
\pst@toks=\toks19
(/usr/share/texmf/tex/generic/pstricks/pstricks.con)
\psunit=\dimen119
\psxunit=\dimen120
\psyunit=\dimen121
\pslinewidth=\dimen122
\pst@customdefs=\toks20
\pslinearc=\dimen123
\everypsbox=\toks21
\psframesep=\dimen124
\pslabelsep=\dimen125
\theoverlaybox=\box30
)))
(/usr/share/texmf/tex/latex/pstricks/pst-grad.sty
Package: pst-grad 1997/03/25 package wrapper for PSTricks pst-grad.tex

(/usr/share/texmf/tex/generic/pstricks/pst-grad.tex  v97 patch 1, 1997/04/28
Package color Info: Redefining color gradbegin on input line 45.
Package color Info: Redefining color gradend on input line 49.
))
(/usr/share/texmf/tex/latex/pstricks/pst-plot.sty
Package: pst-plot 1997/03/25 package wrapper for PSTricks pst-plot.tex

(/usr/share/texmf/tex/generic/pstricks/pst-plot.tex  v97 patch 2, 1999/12/12
(/usr/share/texmf/tex/generic/multido/multido.tex  v1.4, 93/01/14 <tvz>
\multido@count=\count106
\multidocount=\count107
\multido@stuff=\toks22
)))
(/usr/share/texmf/tex/latex/pstricks/pst-coil.sty
Package: pst-coil 1997/03/25 package wrapper for PSTricks pst-coil.tex

(/usr/share/texmf/tex/generic/pstricks/pst-coil.tex  v97 patch 2, 1998/03/19))
(/usr/share/texmf/tex/latex/pstricks/pst-text.sty
Package: pst-text 1997/03/25 package wrapper for PSTricks pst-text.tex

(/usr/share/texmf/tex/generic/pstricks/pst-text.tex  v97, 1997/03/25))
(/usr/share/texmf/tex/latex/pstricks/pst-char.sty
Package: pst-char 1997/03/25 package wrapper for PSTricks pst-char.tex

(/usr/share/texmf/tex/generic/pstricks/pst-char.tex  v97 patch 3, 1999/03/11))
(/usr/share/texmf/tex/latex/pstricks/pst-node.sty
Package: pst-node 1997/03/25 package wrapper for PSTricks pst-node.tex

(/usr/share/texmf/tex/generic/pstricks/pst-node.tex  v97 patch 11, 2000/11/09
\psrow=\count108
\pscol=\count109
\psmatrixcnt=\count110
\psrowsep=\skip46
\pscolsep=\skip47
)) (/usr/share/texmf/tex/latex/pstricks/pst-3d.sty
Package: pst-3d 1997/03/25 package wrapper for PSTricks pst-3d.tex

(/usr/share/texmf/tex/generic/pstricks/pst-3d.tex  v97, 1997/03/25))
(/usr/share/texmf/tex/latex/pstricks/pst-eps.sty
Package: pst-eps 1997/03/25 package wrapper for PSTricks pst-eps.tex

(/usr/share/texmf/tex/generic/pstricks/pst-eps.tex  v97 patch 1, 1997/05/05
\pst@epsout=\write3
\pst@tempout=\write4
))
(/usr/share/texmf/tex/latex/pstricks/pst-fill.sty
Package: pst-fill 1997/04/08 package wrapper for PSTricks pst-fill package

(/usr/share/texmf/tex/generic/pstricks/pst-fill.tex  v97 patch 2, 1997/12/12
\pst@fillbox=\box31
))
(/usr/share/texmf/tex/latex/pstricks/pst-tree.sty
Package: pst-tree 1997/03/25 package wrapper for PSTricks pst-tree.tex

(/usr/share/texmf/tex/generic/pstricks/pst-tree.tex  v97 patch 5, 1999/10/28
\pstree@rootbox=\box32
\pstree@box=\box33
\psnodecnt=\count111
\pstreelevel=\count112
\pstreecnt=\count113
\pstree@cnt=\count114
\pstree@stop=\count115
))
(/usr/share/texmf/tex/generic/multido/multido.sty
Package: multido 1997/03/25 package wrapper for multido.tex

(/usr/share/texmf/tex/generic/multido/multido.tex  v1.4, 93/01/14 <tvz>)))
(/usr/share/texmf/tex/latex/graphics/graphicx.sty
Package: graphicx 1999/02/16 v1.0f Enhanced LaTeX Graphics (DPC,SPQR)

(/usr/share/texmf/tex/latex/graphics/keyval.sty
Package: keyval 1999/03/16 v1.13 key=value parser (DPC)
\KV@toks@=\toks23
)
(/usr/share/texmf/tex/latex/graphics/graphics.sty
Package: graphics 2001/07/07 v1.0n Standard LaTeX Graphics (DPC,SPQR)

(/usr/share/texmf/tex/latex/graphics/trig.sty
Package: trig 1999/03/16 v1.09 sin cos tan (DPC)
)
(/usr/share/texmf/tex/latex/config/graphics.cfg
File: graphics.cfg 2001/08/31 v1.1 graphics configuration of teTeX/TeXLive
)
Package graphics Info: Driver file: dvips.def on input line 80.
)
\Gin@req@height=\dimen126
\Gin@req@width=\dimen127
)
(/usr/share/texmf/tex/latex/misc/ulem.sty
\UL@box=\box34
\UL@hyphenbox=\box35
\UL@skip=\skip48
\UL@hook=\toks24
\UL@pe=\count116
\UL@pixel=\dimen128
\ULC@box=\box36
Package: ulem 2000/05/26
\ULdepth=\dimen129
)
(/usr/share/texmf/tex/generic/perso/maths.sty

LaTeX Warning: You have requested package `/usr/share/texmf/tex/generic/perso/m
aths',
               but the package provides `maths'.

Package: maths 2004/08/14 v1.0a maths package
)
No file hydrotseul.aux.
\openout1 = `hydrotseul.aux'.

LaTeX Font Info:    Checking defaults for OML/cmm/m/it on input line 17.
LaTeX Font Info:    ... okay on input line 17.
LaTeX Font Info:    Checking defaults for T1/cmr/m/n on input line 17.
LaTeX Font Info:    ... okay on input line 17.
LaTeX Font Info:    Checking defaults for OT1/cmr/m/n on input line 17.
LaTeX Font Info:    ... okay on input line 17.
LaTeX Font Info:    Checking defaults for OMS/cmsy/m/n on input line 17.
LaTeX Font Info:    ... okay on input line 17.
LaTeX Font Info:    Checking defaults for OMX/cmex/m/n on input line 17.
LaTeX Font Info:    ... okay on input line 17.
LaTeX Font Info:    Checking defaults for U/cmr/m/n on input line 17.
LaTeX Font Info:    ... okay on input line 17.
LaTeX Font Info:    Checking defaults for OT2/wncyr/m/n on input line 17.
LaTeX Font Info:    Try loading font information for OT2+wncyr on input line 17
.
(/usr/share/texmf/tex/latex/cyrillic/ot2wncyr.fd
File: ot2wncyr.fd 1999/12/17 v3.2a Computer Modern Cyrillic font definitions
)
LaTeX Font Info:    ... okay on input line 17.
LaTeX Info: Redefining \dots on input line 17.
LaTeX Font Info:    Try loading font information for U+msa on input line 21.

(/usr/share/texmf/tex/latex/amsfonts/umsa.fd
File: umsa.fd 2002/01/19 v2.2g AMS font definitions
)
LaTeX Font Info:    Try loading font information for U+msb on input line 21.

(/usr/share/texmf/tex/latex/amsfonts/umsb.fd
File: umsb.fd 2002/01/19 v2.2g AMS font definitions
) [1

] [2] [3] [4]
File: ../images/H00.eps Graphic file (type eps)

<../images/H00.eps>
File: ../images/H10.eps Graphic file (type eps)
 <../images/H10.eps> [5] (./hydrotseul.aux) ) 
Here is how much of TeX's memory you used:
 4496 strings out of 95796
 51739 string characters out of 1191756
 132232 words of memory out of 1000001
 7334 multiletter control sequences out of 10000+50000
 11658 words of font info for 31 fonts, out of 500000 for 1000
 26 hyphenation exceptions out of 1000
 29i,22n,24p,252b,269s stack positions out of 3000i,1500n,5000p,200000b,15000s

Output written on hydrotseul.dvi (5 pages, 27928 bytes).
